<?xml version="1.0" encoding="UTF-8"?>
<!-- Generated by org.testng.reporters.JUnitReportReporter -->
<testsuite hostname="DESKTOP-S2A2NB5" failures="0" tests="1" name="demoqa.tests.ModalDialogsTest" time="32.480" errors="0" timestamp="2024-04-15T13:00:07 IST" skipped="0">
  <testcase classname="demoqa.tests.ModalDialogsTest" name="modalElementTest" time="32.480"/>
</testsuite> <!-- demoqa.tests.ModalDialogsTest -->
