<?xml version="1.0" encoding="UTF-8"?>
<!-- Generated by org.testng.reporters.JUnitReportReporter -->
<testsuite hostname="DESKTOP-S2A2NB5" failures="0" tests="3" name="demoqa.tests.BrowserWindowTest" time="84.997" errors="0" timestamp="2024-04-15T12:50:02 IST" skipped="0">
  <testcase classname="demoqa.tests.BrowserWindowTest" name="testNewTab" time="26.946"/>
  <testcase classname="demoqa.tests.BrowserWindowTest" name="testNewWindow" time="28.277"/>
  <testcase classname="demoqa.tests.BrowserWindowTest" name="testNewWindowMsg" time="29.774"/>
</testsuite> <!-- demoqa.tests.BrowserWindowTest -->
