<?xml version="1.0" encoding="UTF-8"?>
<!-- Generated by org.testng.reporters.JUnitReportReporter -->
<testsuite hostname="DESKTOP-S2A2NB5" failures="0" tests="4" name="demoqa.tests.AlertsTest" time="117.367" errors="0" timestamp="2024-04-15T12:46:54 IST" skipped="0">
  <testcase classname="demoqa.tests.AlertsTest" name="testAlertsOne" time="16.021"/>
  <testcase classname="demoqa.tests.AlertsTest" name="testAlertsTwo" time="40.594"/>
  <testcase classname="demoqa.tests.AlertsTest" name="testAlertsThree" time="33.486"/>
  <testcase classname="demoqa.tests.AlertsTest" name="testAlertsFour" time="27.266"/>
</testsuite> <!-- demoqa.tests.AlertsTest -->
