<?xml version="1.0" encoding="UTF-8"?>
<!-- Generated by org.testng.reporters.JUnitReportReporter -->
<testsuite hostname="DESKTOP-S2A2NB5" failures="0" tests="3" name="demoqa.tests.FramesTest" time="118.997" errors="0" timestamp="2024-04-15T12:57:44 IST" skipped="0">
  <testcase classname="demoqa.tests.FramesTest" name="pToFoneTest" time="36.036"/>
  <testcase classname="demoqa.tests.FramesTest" name="pToFtwoTest" time="39.974"/>
  <testcase classname="demoqa.tests.FramesTest" name="FoneToFtwoTest" time="42.987"/>
</testsuite> <!-- demoqa.tests.FramesTest -->
