<?xml version="1.0" encoding="UTF-8"?>
<!-- Generated by org.testng.reporters.JUnitReportReporter -->
<testsuite hostname="DESKTOP-S2A2NB5" failures="0" tests="1" name="demoqa.tests.NestedFramesTest" time="17.830" errors="0" timestamp="2024-04-15T13:00:55 IST" skipped="0">
  <testcase classname="demoqa.tests.NestedFramesTest" name="pToFoneTest" time="17.830"/>
</testsuite> <!-- demoqa.tests.NestedFramesTest -->
